<?xml version="1.0" encoding="UTF-8"?>
<testsuite xmlns:xsi="http://www.w3.org/2001/XMLSchema-instance" xsi:noNamespaceSchemaLocation="https://maven.apache.org/surefire/maven-surefire-plugin/xsd/surefire-test-report-3.0.xsd" version="3.0" name="crm.logopedia.LogopediaApplicationTests" time="12.506" tests="1" errors="0" skipped="0" failures="0">
  <properties>
[...]
</properties>
  <testcase name="contextLoads" classname="crm.logopedia.LogopediaApplicationTests" time="0.549">
    <system-out><![CDATA[17:34:50.181 [main] INFO org.springframework.test.context.support.AnnotationConfigContextLoaderUtils -- Could not detect default configuration classes for test class [crm.logopedia.LogopediaApplicationTests]: LogopediaApplicationTests does not declare any static, non-private, non-final, nested classes annotated with @Configuration.
17:34:50.325 [main] INFO org.springframework.boot.test.context.SpringBootTestContextBootstrapper -- Found @SpringBootConfiguration crm.logopedia.LogopediaApplication for test class crm.logopedia.LogopediaApplicationTests

  .   ____          _            __ _ _
 /\\ / ___'_ __ _ _(_)_ __  __ _ \ \ \ \
( ( )\___ | '_ | '_| | '_ \/ _` | \ \ \ \
 \\/  ___)| |_)| | | | | || (_| |  ) ) ) )
  '  |____| .__|_| |_|_| |_\__, | / / / /
 =========|_|==============|___/=/_/_/_/
 :: Spring Boot ::                (v3.1.0)

2023-11-06T17:34:50.901+01:00  INFO 23640 --- [           main] c.logopedia.LogopediaApplicationTests    : Starting LogopediaApplicationTests using Java 17.0.7 with PID 23640 (started by Enriq in C:\Users\Enriq\OneDrive\Escritorio\logopedia)
2023-11-06T17:34:50.903+01:00  INFO 23640 --- [           main] c.logopedia.LogopediaApplicationTests    : No active profile set, falling back to 1 default profile: "default"
2023-11-06T17:34:52.289+01:00  INFO 23640 --- [           main] .s.d.r.c.RepositoryConfigurationDelegate : Bootstrapping Spring Data JPA repositories in DEFAULT mode.
2023-11-06T17:34:52.420+01:00  INFO 23640 --- [           main] .s.d.r.c.RepositoryConfigurationDelegate : Finished Spring Data repository scanning in 120 ms. Found 5 JPA repository interfaces.
2023-11-06T17:34:53.480+01:00  INFO 23640 --- [           main] o.hibernate.jpa.internal.util.LogHelper  : HHH000204: Processing PersistenceUnitInfo [name: default]
2023-11-06T17:34:53.741+01:00  INFO 23640 --- [           main] org.hibernate.Version                    : HHH000412: Hibernate ORM core version 6.2.2.Final
2023-11-06T17:34:53.747+01:00  INFO 23640 --- [           main] org.hibernate.cfg.Environment            : HHH000406: Using bytecode reflection optimizer
2023-11-06T17:34:54.229+01:00  INFO 23640 --- [           main] o.h.b.i.BytecodeProviderInitiator        : HHH000021: Bytecode provider name : bytebuddy
2023-11-06T17:34:54.566+01:00  INFO 23640 --- [           main] o.s.o.j.p.SpringPersistenceUnitInfo      : No LoadTimeWeaver setup: ignoring JPA class transformer
2023-11-06T17:34:54.600+01:00  INFO 23640 --- [           main] com.zaxxer.hikari.HikariDataSource       : HikariPool-1 - Starting...
2023-11-06T17:34:55.045+01:00  INFO 23640 --- [           main] com.zaxxer.hikari.pool.HikariPool        : HikariPool-1 - Added connection conn0: url=jdbc:h2:mem:testdb user=SA
2023-11-06T17:34:55.047+01:00  INFO 23640 --- [           main] com.zaxxer.hikari.HikariDataSource       : HikariPool-1 - Start completed.
2023-11-06T17:34:55.084+01:00  INFO 23640 --- [           main] org.hibernate.orm.dialect                : HHH035001: Using dialect: org.hibernate.dialect.H2Dialect, version: 2.1.214
2023-11-06T17:34:55.475+01:00  INFO 23640 --- [           main] o.h.b.i.BytecodeProviderInitiator        : HHH000021: Bytecode provider name : bytebuddy
2023-11-06T17:34:56.598+01:00  INFO 23640 --- [           main] o.h.e.t.j.p.i.JtaPlatformInitiator       : HHH000490: Using JtaPlatform implementation: [org.hibernate.engine.transaction.jta.platform.internal.NoJtaPlatform]
2023-11-06T17:34:56.614+01:00 DEBUG 23640 --- [           main] org.hibernate.SQL                        : drop table if exists pacientes cascade 
2023-11-06T17:34:56.618+01:00 DEBUG 23640 --- [           main] org.hibernate.SQL                        : drop table if exists paciente_servicios cascade 
2023-11-06T17:34:56.618+01:00 DEBUG 23640 --- [           main] org.hibernate.SQL                        : drop table if exists perfiles_usuarios cascade 
2023-11-06T17:34:56.618+01:00 DEBUG 23640 --- [           main] org.hibernate.SQL                        : drop table if exists puestos_trabajo cascade 
2023-11-06T17:34:56.618+01:00 DEBUG 23640 --- [           main] org.hibernate.SQL                        : drop table if exists roles cascade 
2023-11-06T17:34:56.619+01:00 DEBUG 23640 --- [           main] org.hibernate.SQL                        : drop table if exists servicios cascade 
2023-11-06T17:34:56.619+01:00 DEBUG 23640 --- [           main] org.hibernate.SQL                        : drop table if exists usuarios cascade 
2023-11-06T17:34:56.619+01:00 DEBUG 23640 --- [           main] org.hibernate.SQL                        : drop table if exists usuarios_roles cascade 
2023-11-06T17:34:56.624+01:00 DEBUG 23640 --- [           main] org.hibernate.SQL                        : create table pacientes (activo boolean not null, consentimiento_coordinacion_escuelas boolean not null, fecha_nacimiento date not null, lopd boolean not null, fecha_creacion timestamp(6) not null, fecha_ultima_modificacion timestamp(6) not null, id bigint generated by default as identity, nombre varchar(30) not null, primer_apellido varchar(30) not null, segundo_apellido varchar(30), colegio varchar(50), nombre_usuario_creador varchar(50) not null, nombre_usuario_ultimo_modificador varchar(50) not null, observaciones varchar(500), primary key (id))
2023-11-06T17:34:56.634+01:00 DEBUG 23640 --- [           main] org.hibernate.SQL                        : create table paciente_servicios (paciente_id bigint not null, servicio_id bigint not null, primary key (paciente_id, servicio_id))
2023-11-06T17:34:56.637+01:00 DEBUG 23640 --- [           main] org.hibernate.SQL                        : create table perfiles_usuarios (id bigint generated by default as identity, puesto_trabajo_id bigint, dni varchar(9), naf varchar(12), movil varchar(15), nombre varchar(30) not null, primer_apellido varchar(30) not null, segundo_apellido varchar(30), funciones varchar(200), primary key (id))
2023-11-06T17:34:56.639+01:00 DEBUG 23640 --- [           main] org.hibernate.SQL                        : create table puestos_trabajo (fecha_creacion timestamp(6) not null, fecha_ultima_modificacion timestamp(6) not null, id bigint generated by default as identity, nombre_usuario_creador varchar(50) not null, nombre_usuario_ultimo_modificador varchar(50) not null, nombre varchar(255) not null unique, primary key (id))
2023-11-06T17:34:56.641+01:00 DEBUG 23640 --- [           main] org.hibernate.SQL                        : create table roles (id bigint generated by default as identity, nombre varchar(30) not null unique, primary key (id))
2023-11-06T17:34:56.642+01:00 DEBUG 23640 --- [           main] org.hibernate.SQL                        : create table servicios (fecha_creacion timestamp(6) not null, fecha_ultima_modificacion timestamp(6) not null, id bigint generated by default as identity, nombre_usuario_creador varchar(50) not null, nombre_usuario_ultimo_modificador varchar(50) not null, nombre varchar(255) not null unique, primary key (id))
2023-11-06T17:34:56.644+01:00 DEBUG 23640 --- [           main] org.hibernate.SQL                        : create table usuarios (cuenta_bloqueada boolean not null, cuenta_verificada boolean not null, habilitado boolean not null, intentos_inicio_sesion integer not null, fecha_bloqueo timestamp(6), fecha_creacion timestamp(6) not null, fecha_ultima_modificacion timestamp(6) not null, perfil_id bigint not null unique, nombre_usuario varchar(50) not null, nombre_usuario_creador varchar(50) not null, nombre_usuario_ultimo_modificador varchar(50) not null, correo_electronico varchar(255) not null unique, password varchar(255), primary key (nombre_usuario))
2023-11-06T17:34:56.646+01:00 DEBUG 23640 --- [           main] org.hibernate.SQL                        : create table usuarios_roles (rol_id bigint not null, nombre_usuario varchar(50) not null, primary key (rol_id, nombre_usuario))
2023-11-06T17:34:56.648+01:00 DEBUG 23640 --- [           main] org.hibernate.SQL                        : alter table if exists pacientes add constraint FKh4va6hsm4tshdis7mjun9mrl6 foreign key (nombre_usuario_creador) references usuarios
2023-11-06T17:34:56.659+01:00 DEBUG 23640 --- [           main] org.hibernate.SQL                        : alter table if exists pacientes add constraint FK4ctyt6i7i63m8x5ir828qch9l foreign key (nombre_usuario_ultimo_modificador) references usuarios
2023-11-06T17:34:56.661+01:00 DEBUG 23640 --- [           main] org.hibernate.SQL                        : alter table if exists paciente_servicios add constraint FKhhbcjnnr8xiwayovb8i0ye4o0 foreign key (servicio_id) references servicios
2023-11-06T17:34:56.663+01:00 DEBUG 23640 --- [           main] org.hibernate.SQL                        : alter table if exists paciente_servicios add constraint FK685svassc5oy5ufocaik6cfar foreign key (paciente_id) references pacientes
2023-11-06T17:34:56.665+01:00 DEBUG 23640 --- [           main] org.hibernate.SQL                        : alter table if exists perfiles_usuarios add constraint FK7fn8gj3ic5s8y5vdxe2cb88m1 foreign key (puesto_trabajo_id) references puestos_trabajo
2023-11-06T17:34:56.666+01:00 DEBUG 23640 --- [           main] org.hibernate.SQL                        : alter table if exists puestos_trabajo add constraint FK425k82gfvid1iqjiookwgkufg foreign key (nombre_usuario_creador) references usuarios
2023-11-06T17:34:56.668+01:00 DEBUG 23640 --- [           main] org.hibernate.SQL                        : alter table if exists puestos_trabajo add constraint FK711m51hv5m51g20h5ynujiu26 foreign key (nombre_usuario_ultimo_modificador) references usuarios
2023-11-06T17:34:56.670+01:00 DEBUG 23640 --- [           main] org.hibernate.SQL                        : alter table if exists servicios add constraint FKtb63mlbclu6m9uehugl62de6d foreign key (nombre_usuario_creador) references usuarios
2023-11-06T17:34:56.671+01:00 DEBUG 23640 --- [           main] org.hibernate.SQL                        : alter table if exists servicios add constraint FK1cgs4wygbubu2yjlwfgjbnu45 foreign key (nombre_usuario_ultimo_modificador) references usuarios
2023-11-06T17:34:56.673+01:00 DEBUG 23640 --- [           main] org.hibernate.SQL                        : alter table if exists usuarios add constraint FKb042719n9cqhti2j6ce5i2iis foreign key (nombre_usuario_creador) references usuarios
2023-11-06T17:34:56.675+01:00 DEBUG 23640 --- [           main] org.hibernate.SQL                        : alter table if exists usuarios add constraint FK8oumw1rdn1af98ema8ky11bup foreign key (nombre_usuario_ultimo_modificador) references usuarios
2023-11-06T17:34:56.676+01:00 DEBUG 23640 --- [           main] org.hibernate.SQL                        : alter table if exists usuarios add constraint FKlwkhgb4r7itsh567suk01kbjw foreign key (perfil_id) references perfiles_usuarios
2023-11-06T17:34:56.678+01:00 DEBUG 23640 --- [           main] org.hibernate.SQL                        : alter table if exists usuarios_roles add constraint FK5338ehgluufgc8bpj08nrq970 foreign key (rol_id) references roles
2023-11-06T17:34:56.679+01:00 DEBUG 23640 --- [           main] org.hibernate.SQL                        : alter table if exists usuarios_roles add constraint FKlgrm8m62uomb7fmwx8dhsvsau foreign key (nombre_usuario) references usuarios
2023-11-06T17:34:56.683+01:00  INFO 23640 --- [           main] o.h.t.s.i.e.GenerationTargetToDatabase   : HHH000476: Executing script 'file:/C:/Users/Enriq/OneDrive/Escritorio/logopedia/target/classes/import.sql'
2023-11-06T17:34:56.683+01:00 DEBUG 23640 --- [           main] org.hibernate.SQL                        : INSERT INTO Roles (nombre) VALUES ('ROLE_MASTER')
2023-11-06T17:34:56.686+01:00 DEBUG 23640 --- [           main] org.hibernate.SQL                        : INSERT INTO Roles (nombre) VALUES ('ROLE_ADMIN')
2023-11-06T17:34:56.686+01:00 DEBUG 23640 --- [           main] org.hibernate.SQL                        : INSERT INTO Roles (nombre) VALUES ('ROLE_MANAGER')
2023-11-06T17:34:56.687+01:00 DEBUG 23640 --- [           main] org.hibernate.SQL                        : INSERT INTO Roles (nombre) VALUES ('ROLE_RESPONSIBLE')
2023-11-06T17:34:56.687+01:00 DEBUG 23640 --- [           main] org.hibernate.SQL                        : INSERT INTO Roles (nombre) VALUES ('ROLE_USER')
2023-11-06T17:34:56.688+01:00 DEBUG 23640 --- [           main] org.hibernate.SQL                        : INSERT INTO Perfiles_Usuarios (nombre, primer_Apellido) VALUES('Enrique', 'Escalante')
2023-11-06T17:34:56.689+01:00 DEBUG 23640 --- [           main] org.hibernate.SQL                        : INSERT INTO Perfiles_Usuarios (nombre, primer_Apellido) VALUES('Cristina', 'LiÃ±an')
2023-11-06T17:34:56.689+01:00 DEBUG 23640 --- [           main] org.hibernate.SQL                        : INSERT INTO Usuarios (nombre_Usuario, correo_Electronico, password, perfil_Id, fecha_Creacion, fecha_Ultima_Modificacion, habilitado, cuenta_Bloqueada, intentos_Inicio_Sesion, cuenta_Verificada, nombre_Usuario_Creador, nombre_Usuario_Ultimo_Modificador) VALUES('enrique.escalante', 'enrique.escalante@hotmail.es', '$2a$10$.2VGBVkyf1zSE1fOwBIXXOMOZ6HfUn784vimes2mX6ILI89CzmTBu', 1, CURRENT_TIMESTAMP, CURRENT_TIMESTAMP, 1, 0, 0, 1, 'enrique.escalante', 'enrique.escalante')
2023-11-06T17:34:56.691+01:00 DEBUG 23640 --- [           main] org.hibernate.SQL                        : INSERT INTO Usuarios (nombre_Usuario, correo_Electronico, password, perfil_Id, fecha_Creacion, fecha_Ultima_Modificacion, habilitado, cuenta_Bloqueada, intentos_Inicio_Sesion, cuenta_Verificada, nombre_Usuario_Creador, nombre_Usuario_Ultimo_Modificador)  VALUES('cristina.liÃ±an', 'tortu_marbella_93@hotmail.com', '$2a$10$.2VGBVkyf1zSE1fOwBIXXOMOZ6HfUn784vimes2mX6ILI89CzmTBu', 2, CURRENT_TIMESTAMP, CURRENT_TIMESTAMP, 1, 0, 0, 1, 'enrique.escalante', 'enrique.escalante')
2023-11-06T17:34:56.692+01:00 DEBUG 23640 --- [           main] org.hibernate.SQL                        : INSERT INTO Usuarios_Roles (nombre_Usuario, rol_Id) VALUES('enrique.escalante', 1)
2023-11-06T17:34:56.693+01:00 DEBUG 23640 --- [           main] org.hibernate.SQL                        : INSERT INTO Usuarios_Roles (nombre_Usuario, rol_Id) VALUES('cristina.liÃ±an', 2)
2023-11-06T17:34:56.693+01:00 DEBUG 23640 --- [           main] org.hibernate.SQL                        : INSERT INTO Puestos_Trabajo (nombre, fecha_Creacion, fecha_Ultima_Modificacion, nombre_Usuario_Creador, nombre_Usuario_Ultimo_Modificador) VALUES('Developer', CURRENT_TIMESTAMP, CURRENT_TIMESTAMP, 'enrique.escalante', 'enrique.escalante')
2023-11-06T17:34:56.694+01:00 DEBUG 23640 --- [           main] org.hibernate.SQL                        : INSERT INTO Puestos_Trabajo (nombre, fecha_Creacion, fecha_Ultima_Modificacion, nombre_Usuario_Creador, nombre_Usuario_Ultimo_Modificador)  VALUES('Logopeda', CURRENT_TIMESTAMP, CURRENT_TIMESTAMP, 'enrique.escalante', 'enrique.escalante')
2023-11-06T17:34:56.695+01:00 DEBUG 23640 --- [           main] org.hibernate.SQL                        : UPDATE Perfiles_Usuarios SET puesto_Trabajo_Id = 1 WHERE id = 1
2023-11-06T17:34:56.698+01:00 DEBUG 23640 --- [           main] org.hibernate.SQL                        : UPDATE Perfiles_Usuarios SET puesto_Trabajo_Id = 2 WHERE id = 2
2023-11-06T17:34:56.699+01:00 DEBUG 23640 --- [           main] org.hibernate.SQL                        : INSERT INTO Servicios (nombre, fecha_Creacion, fecha_Ultima_Modificacion, nombre_Usuario_Creador, nombre_Usuario_Ultimo_Modificador) VALUES('Servicio de logopedia', CURRENT_TIMESTAMP, CURRENT_TIMESTAMP, 'enrique.escalante', 'enrique.escalante')
2023-11-06T17:34:56.700+01:00 DEBUG 23640 --- [           main] org.hibernate.SQL                        : INSERT INTO Servicios (nombre, fecha_Creacion, fecha_Ultima_Modificacion, nombre_Usuario_Creador, nombre_Usuario_Ultimo_Modificador)  VALUES('Servicio de psicologia', CURRENT_TIMESTAMP, CURRENT_TIMESTAMP, 'enrique.escalante', 'enrique.escalante')
2023-11-06T17:34:56.701+01:00 DEBUG 23640 --- [           main] org.hibernate.SQL                        : INSERT INTO Pacientes (nombre, primer_Apellido, fecha_Nacimiento, activo, lopd, consentimiento_Coordinacion_Escuelas, fecha_Creacion, fecha_Ultima_Modificacion, nombre_Usuario_Creador, nombre_Usuario_Ultimo_Modificador) VALUES('Juan', 'GarcÃ­a','2021-8-8', 1, 1, 1, CURRENT_TIMESTAMP, CURRENT_TIMESTAMP, 'enrique.escalante', 'enrique.escalante')
2023-11-06T17:34:56.702+01:00 DEBUG 23640 --- [           main] org.hibernate.SQL                        : INSERT INTO Pacientes (nombre, primer_Apellido, fecha_Nacimiento, activo, lopd, consentimiento_Coordinacion_Escuelas, fecha_Creacion, fecha_Ultima_Modificacion, nombre_Usuario_Creador, nombre_Usuario_Ultimo_Modificador) VALUES('Avril', 'Escalante','2022-7-7', 1, 1, 1,CURRENT_TIMESTAMP, CURRENT_TIMESTAMP, 'enrique.escalante', 'enrique.escalante')
2023-11-06T17:34:56.708+01:00  INFO 23640 --- [           main] j.LocalContainerEntityManagerFactoryBean : Initialized JPA EntityManagerFactory for persistence unit 'default'
2023-11-06T17:34:58.361+01:00  INFO 23640 --- [           main] o.s.d.j.r.query.QueryEnhancerFactory     : Hibernate is in classpath; If applicable, HQL parser will be used.
2023-11-06T17:35:00.067+01:00  WARN 23640 --- [           main] JpaBaseConfiguration$JpaWebConfiguration : spring.jpa.open-in-view is enabled by default. Therefore, database queries may be performed during view rendering. Explicitly configure spring.jpa.open-in-view to disable this warning
2023-11-06T17:35:01.015+01:00  INFO 23640 --- [           main] o.s.b.a.e.web.EndpointLinksResolver      : Exposing 1 endpoint(s) beneath base path '/actuator'
2023-11-06T17:35:01.238+01:00  INFO 23640 --- [           main] o.s.s.web.DefaultSecurityFilterChain     : Will secure any request with [org.springframework.security.web.session.DisableEncodeUrlFilter@117f1636, org.springframework.security.web.context.request.async.WebAsyncManagerIntegrationFilter@5cb3fff1, org.springframework.security.web.context.SecurityContextHolderFilter@2c107b94, org.springframework.security.web.header.HeaderWriterFilter@6084d56b, org.springframework.security.web.csrf.CsrfFilter@213488e6, org.springframework.security.web.authentication.logout.LogoutFilter@6faeb7dc, org.springframework.security.web.authentication.UsernamePasswordAuthenticationFilter@4acca937, org.springframework.security.web.session.ConcurrentSessionFilter@208c08d2, org.springframework.security.web.savedrequest.RequestCacheAwareFilter@57e86d0c, org.springframework.security.web.servletapi.SecurityContextHolderAwareRequestFilter@25ad3681, org.springframework.security.web.authentication.rememberme.RememberMeAuthenticationFilter@26bc130c, org.springframework.security.web.authentication.AnonymousAuthenticationFilter@1ad1a318, org.springframework.security.web.session.SessionManagementFilter@1275d11b, org.springframework.security.web.access.ExceptionTranslationFilter@401038b1, org.springframework.security.web.access.intercept.AuthorizationFilter@4b6a7362]
2023-11-06T17:35:01.739+01:00  INFO 23640 --- [           main] o.s.b.a.h2.H2ConsoleAutoConfiguration    : H2 console available at '/h2-console'. Database available at 'jdbc:h2:mem:testdb'
2023-11-06T17:35:01.872+01:00  INFO 23640 --- [           main] c.logopedia.LogopediaApplicationTests    : Started LogopediaApplicationTests in 11.313 seconds (process running for 14.017)
]]></system-out>
  </testcase>
</testsuite>